#
# A fatal error has been detected by the Java Runtime Environment:
#
#  EXCEPTION_ACCESS_VIOLATION (0xc0000005) at pc=0x00007fff692aa18a, pid=4404, tid=17656
#
# JRE version: OpenJDK Runtime Environment (18.0.2.1+1) (build 18.0.2.1+1-1)
# Java VM: OpenJDK 64-Bit Server VM (18.0.2.1+1-1, mixed mode, sharing, tiered, compressed oops, compressed class ptrs, g1 gc, windows-amd64)
# Problematic frame:
# V  [jvm.dll+0x6aa18a]
#
# No core dump will be written. Minidumps are not enabled by default on client versions of Windows
#
# If you would like to submit a bug report, please visit:
#   https://bugreport.java.com/bugreport/crash.jsp
#

---------------  S U M M A R Y ------------

Command Line: -javaagent:D:\JetBrains\IntelliJ IDEA Community Edition 2022.2.1\lib\idea_rt.jar=53982:D:\JetBrains\IntelliJ IDEA Community Edition 2022.2.1\bin -Dfile.encoding=UTF-8 -Dsun.stdout.encoding=UTF-8 -Dsun.stderr.encoding=UTF-8 fr.projetannuel.gameaddict.GameAddictApplication

Host: 12th Gen Intel(R) Core(TM) i5-12600K, 16 cores, 31G,  Windows 10 , 64 bit Build 19041 (10.0.19041.1889)
Time: Fri Sep  2 09:59:56 2022 Paris, Madrid (heure duild 19041 (10.0.19041.1889) elapsed time: 1.929134 seconds (0d 0h 0m 1s)

---------------  T H R E A D  ---------------

Current thread (0x00000154d47e3f60):  JavaThread "C2 CompilerThread3" daemon [_thread_in_native, id=17656, stack(0x0000000efc200000,0x0000000efc300000)]


Current CompileTask:
C2:   1929 4632       4       org.springframework.core.annotation.AnnotationsScanner::process (43 bytes)

Stack: [0x0000000efc200000,0x0000000efc300000],  sp=0x0000000efc2fa5e0,  free space=1001k
Native frames: (J=compiled Java code, j=interpreted, Vv=VM code, C=native code)
V  [jvm.dll+0x6aa18a]
V  [jvm.dll+0x6a68ac]
V  [jvm.dll+0x1bd20c]
V  [jvm.dll+0x1bddd6]
V  [jvm.dll+0x1bb80d]
V  [jvm.dll+0x237869]
V  [jvm.dll+0x23716e]
V  [jvm.dll+0x231125]
V  [jvm.dll+0x22f3cb]
V  [jvm.dll+0x1ba01c]
V  [jvm.dll+0x23ee0a]
V  [jvm.dll+0x23d0f5]
V  [jvm.dll+0x7a6dd1]
V  [jvm.dll+0x7a120a]
V  [jvm.dll+0x698255]
C  [ucrtbase.dll+0x21bb2]
C  [KERNEL32.DLL+0x17034]
C  [ntdll.dll+0x526a1]


siginfo: EXCEPTION_ACCESS_VIOLATION (0xc0000005), reading address 0xffffffffffffffff


Register to memory mapping:

RIP=0x00007fff692aa18a jvm.dll
RAX=0x0000000000000001 is an unknown value
RBX=0x0000000000000002 is an unknown value
RCX=0x00000154d158ec21 points into unknown readable memory: ec 58 d1 54 01 00 00
RDX=0xff00000154d1d4fa is an unknown value
RSP=0x0000000efc2fa5e0 is pointing into the stack for thread: 0x00000154d47e3f60
RBP=0x0000000efc2fa6d0 is pointing into the stack for thread: 0x00000154d47e3f60
RSI=0x0000000000000002 is an unknown value
RDI=0x00000154d158e9b8 points into unknown readable memory: 0x0000000000000000 | 00 00 00 00 00 00 00 00
R8 =0x00000154d158eba0 points into unknown readable memory: 0x00000154d1d50078 | 78 00 d5 d1 54 01 00 00
R9 =0x00000154d4b36320 points into unknown readable memory: 0x00b92b4c00000007 | 07 00 00 00 4c 2b b9 00
R10=0x0000000000000002 is an unknown value
R11=0xfffffffffffffff0 is an unknown value
R12=0x0000000000000005 is an unknown value
R13=0x0000000000000190 is an unknown value
R14=0x00000154d643d920 points into unknown readable memory: 0x00000154d158dd18 | 18 dd 58 d1 54 01 00 00
R15=0x00000154d158ea08 points into unknown readable memory: 0x0000000200000002 | 02 00 00 00 02 00 00 00


Registers:
RAX=0x0000000000000001, RBX=0x0000000000000002, RCX=0x00000154d158ec21, RDX=0xff00000154d1d4fa
RSP=0x0000000efc2fa5e0, RBP=0x0000000efc2fa6d0, RSI=0x0000000000000002, RDI=0x00000154d158e9b8
R8 =0x00000154d158eba0, R9 =0x00000154d4b36320, R10=0x0000000000000002, R11=0xfffffffffffffff0
R12=0x0000000000000005, R13=0x0000000000000190, R14=0x00000154d643d920, R15=0x00000154d158ea08
RIP=0x00007fff692aa18a, EFLAGS=0x0000000000010297

Top of Stack: (sp=0x0000000efc2fa5e0)
0x0000000efc2fa5e0:   0000000000000002 0000000000000002
0x0000000efc2fa5f0:   00000154d143a7d0 00007fff692bfb14
0x0000000efc2fa600:   0000000000000108 0000000000000000
0x0000000efc2fa610:   0000000000000000 0000000000000000
0x0000000efc2fa620:   0000000efc2fdd30 00007fff692a68ac
0x0000000efc2fa630:   0000000efc2fa6d0 0000000000000000
0x0000000efc2fa640:   00000154d143a7d0 0000000efc2fdd30
0x0000000efc2fa650:   00000154d2de2de0 00007fff68ebd2e3
0x0000000efc2fa660:   00000154d6670858 00000154d21e7500
0x0000000efc2fa670:   0000000000000000 0000000000000000
0x0000000efc2fa680:   0000000efc2fdd30 00000154d652e0a0
0x0000000efc2fa690:   0000000000000000 00000154d6dc9d60
0x0000000efc2fa6a0:   0000000efc2fa8d9 00007fff68dbd20c
0x0000000efc2fa6b0:   00000154d652e070 0000000000000000
0x0000000efc2fa6c0:   0000000efc2fe780 00000154d21e7500
0x0000000efc2fa6d0:   00007fff695770a8 00007fff00000001 

Instructions: (pc=0x00007fff692aa18a)
0x00007fff692aa08a:   48 8b 85 80 00 00 00 48 8b 48 20 8b c3 49 8b 54
0x00007fff692aa09a:   09 f8 49 89 58 08 49 89 10 41 89 58 10 66 41 89
0x00007fff692aa0aa:   58 14 41 88 58 16 49 89 58 18 41 88 58 38 49 89
0x00007fff692aa0ba:   58 3c 49 89 58 48 39 5a 50 0f 44 c7 41 ff c3 41
0x00007fff692aa0ca:   89 40 08 49 83 c2 50 8b 85 90 00 00 00 44 3b d8
0x00007fff692aa0da:   7c 94 44 8b e3 85 c0 0f 8e 09 01 00 00 48 89 74
0x00007fff692aa0ea:   24 50 4c 89 6c 24 58 4c 8b eb 4c 89 74 24 60 4c
0x00007fff692aa0fa:   89 7c 24 20 66 90 4c 8b b5 88 00 00 00 4d 03 f5
0x00007fff692aa10a:   49 8b 1e 48 8b 7b 08 4c 8b 7b 18 48 85 ff 75 0c
0x00007fff692aa11a:   48 8b cb e8 9e aa b4 ff 48 8b 7b 08 49 63 37 8b
0x00007fff692aa12a:   1f 03 de 41 89 76 3c 41 89 5e 40 75 04 33 c0 eb
0x00007fff692aa13a:   12 48 63 cb 33 d2 48 8d 0c cd 00 00 00 00 e8 a3
0x00007fff692aa14a:   41 04 00 49 89 46 48 33 c0 4c 63 d3 85 db 7e 6e
0x00007fff692aa15a:   48 8b ce 48 f7 d9 4c 8d 1c cd 00 00 00 00 48 3b
0x00007fff692aa16a:   c6 7d 0a 49 8b 4f 08 4c 8b 04 c1 eb 0b 48 8b 57
0x00007fff692aa17a:   08 49 03 d3 4c 8b 04 c2 49 8b 48 38 48 8b 51 10
0x00007fff692aa18a:   8b 4a 40 41 2b 48 54 4c 8b 85 88 00 00 00 48 63
0x00007fff692aa19a:   c9 49 83 c0 b0 48 8d 14 89 49 8b 4e 48 48 c1 e2
0x00007fff692aa1aa:   04 4c 03 c2 4c 89 04 c1 41 ff 40 08 48 3b c6 7c
0x00007fff692aa1ba:   05 41 c6 40 15 01 48 ff c0 49 3b c2 7c a0 41 ff
0x00007fff692aa1ca:   c4 49 83 c5 50 44 3b a5 90 00 00 00 0f 8c 24 ff
0x00007fff692aa1da:   ff ff 4c 8b 7c 24 20 4c 8b 74 24 60 4c 8b 6c 24
0x00007fff692aa1ea:   58 48 8b 74 24 50 48 83 c4 28 41 5c 5f 5d 5b c3
0x00007fff692aa1fa:   cc cc cc cc cc cc 48 89 54 24 10 53 56 57 41 55
0x00007fff692aa20a:   41 56 41 57 48 81 ec f8 00 00 00 48 8b 41 28 48
0x00007fff692aa21a:   8b d9 4c 8b ea 48 8b 48 38 48 8b 83 80 00 00 00
0x00007fff692aa22a:   4c 8b bb 88 00 00 00 48 8b 53 10 49 83 c7 b0 44
0x00007fff692aa23a:   8b 71 10 44 2b 71 0c 48 8b 48 20 44 89 b4 24 48
0x00007fff692aa24a:   01 00 00 4c 8b 01 49 8b 40 38 48 8b 48 10 8b 41
0x00007fff692aa25a:   40 41 2b 40 54 48 98 48 8d 0c 80 48 c1 e1 04 4c
0x00007fff692aa26a:   03 f9 4c 89 bc 24 90 00 00 00 49 8b 07 48 8b 08
0x00007fff692aa27a:   8b 79 04 89 7b 38 48 8b b2 08 03 00 00 48 85 f6 


Stack slot to memory mapping:
stack at sp + 0 slots: 0x0000000000000002 is an unknown value
stack at sp + 1 slots: 0x0000000000000002 is an unknown value
stack at sp + 2 slots: 0x00000154d143a7d0 points into unknown readable memory: 0x00007fff69464088 | 88 40 46 69 ff 7f 00 00
stack at sp + 3 slots: 0x00007fff692bfb14 jvm.dll
stack at sp + 4 slots: 0x0000000000000108 is an unknown value
stack at sp + 5 slots: 0x0 is NULL
stack at sp + 6 slots: 0x0 is NULL
stack at sp + 7 slots: 0x0 is NULL


---------------  P R O C E S S  ---------------

Threads class SMR info:
_java_thread_list=0x00000154d4a099c0, length=26, elements={
0x00000154a01dc8a0, 0x00000154ca47e5b0, 0x00000154ca47f210, 0x00000154ca49b9b0,
0x00000154ca49c350, 0x00000154ca49ccf0, 0x00000154ca49d690, 0x00000154ca49e360,
0x00000154d1427370, 0x00000154d1441f40, 0x00000154ca4686e0, 0x00000154d150df40,
0x00000154d15114d0, 0x00000154d18a4f70, 0x00000154d172a030, 0x00000154d1a3e990,
0x00000154d1a9ef00, 0x00000154d1a9d490, 0x00000154d2c65170, 0x00000154d2c65630,
0x00000154d3744f70, 0x00000154d3cd9070, 0x00000154d3cdb6f0, 0x00000154d3cda880,
0x00000154d47e3f60, 0x00000154d3d760a0
}

Java Threads: ( => current thread )
  0x00000154a01dc8a0 JavaThread "main" [_thread_in_vm, id=6188, stack(0x0000000ef9400000,0x0000000ef9500000)]
  0x00000154ca47e5b0 JavaThread "Reference Handler" daemon [_thread_blocked, id=17724, stack(0x0000000ef9b00000,0x0000000ef9c00000)]
  0x00000154ca47f210 JavaThread "Finalizer" daemon [_thread_blocked, id=20208, stack(0x0000000ef9c00000,0x0000000ef9d00000)]
  0x00000154ca49b9b0 JavaThread "Signal Dispatcher" daemon [_thread_blocked, id=13332, stack(0x0000000ef9d00000,0x0000000ef9e00000)]
  0x00000154ca49c350 JavaThread "Attach Listener" daemon [_thread_blocked, id=19756, stack(0x0000000ef9e00000,0x0000000ef9f00000)]
  0x00000154ca49ccf0 JavaThread "Service Thread" daemon [_thread_blocked, id=14316, stack(0x0000000ef9f00000,0x0000000efa000000)]
  0x00000154ca49d690 JavaThread "Monitor Deflation Thread" daemon [_thread_blocked, id=12996, stack(0x0000000efa000000,0x0000000efa100000)]
  0x00000154ca49e360 JavaThread "C2 CompilerThread0" daemon [_thread_in_native, id=11384, stack(0x0000000efa100000,0x0000000efa200000)]
  0x00000154d1427370 JavaThread "C1 CompilerThread0" daemon [_thread_blocked, id=19524, stack(0x0000000efa200000,0x0000000efa300000)]
  0x00000154d1441f40 JavaThread "Sweeper thread" daemon [_thread_blocked, id=16644, stack(0x0000000efa300000,0x0000000efa400000)]
  0x00000154ca4686e0 JavaThread "Common-Cleaner" daemon [_thread_blocked, id=20232, stack(0x0000000efa400000,0x0000000efa500000)]
  0x00000154d150df40 JavaThread "C1 CompilerThread1" daemon [_thread_blocked, id=16612, stack(0x0000000efa500000,0x0000000efa600000)]
  0x00000154d15114d0 JavaThread "C1 CompilerThread2" daemon [_thread_blocked, id=15236, stack(0x0000000efa600000,0x0000000efa700000)]
  0x00000154d18a4f70 JavaThread "Monitor Ctrl-Break" daemon [_thread_in_native, id=12444, stack(0x0000000efa700000,0x0000000efa800000)]
  0x00000154d172a030 JavaThread "Notification Thread" daemon [_thread_blocked, id=19500, stack(0x0000000efa800000,0x0000000efa900000)]
  0x00000154d1a3e990 JavaThread "C1 CompilerThread3" daemon [_thread_blocked, id=1836, stack(0x0000000efaa00000,0x0000000efab00000)]
  0x00000154d1a9ef00 JavaThread "C2 CompilerThread1" daemon [_thread_blocked, id=13572, stack(0x0000000efab00000,0x0000000efac00000)]
  0x00000154d1a9d490 JavaThread "C2 CompilerThread2" daemon [_thread_in_native, id=19840, stack(0x0000000efac00000,0x0000000efad00000)]
  0x00000154d2c65170 JavaThread "Catalina-utility-1" [_thread_blocked, id=18140, stack(0x0000000efbb00000,0x0000000efbc00000)]
  0x00000154d2c65630 JavaThread "Catalina-utility-2" [_thread_blocked, id=15104, stack(0x0000000efbc00000,0x0000000efbd00000)]
  0x00000154d3744f70 JavaThread "container-0" [_thread_blocked, id=17580, stack(0x0000000efbd00000,0x0000000efbe00000)]
  0x00000154d3cd9070 JavaThread "mysql-cj-abandoned-connection-cleanup" daemon [_thread_blocked, id=4868, stack(0x0000000efbe00000,0x0000000efbf00000)]
  0x00000154d3cdb6f0 JavaThread "HikariPool-1 housekeeper" daemon [_thread_blocked, id=11256, stack(0x0000000efc000000,0x0000000efc100000)]
  0x00000154d3cda880 JavaThread "HikariPool-1 connection adder" daemon [_thread_blocked, id=3876, stack(0x0000000efc100000,0x0000000efc200000)]
=>0x00000154d47e3f60 JavaThread "C2 CompilerThread3" daemon [_thread_in_native, id=17656, stack(0x0000000efc200000,0x0000000efc300000)]
  0x00000154d3d760a0 JavaThread "C2 CompilerThread4" daemon [_thread_blocked, id=4608, stack(0x0000000efc300000,0x0000000efc400000)]

Other Threads:
  0x00000154ca47b380 VMThread "VM Thread" [stack: 0x0000000ef9a00000,0x0000000ef9b00000] [id=18208]
  0x00000154a01dda50 WatcherThread "VM Periodic Task Thread" [stack: 0x0000000efa900000,0x0000000efaa00000] [id=7420]
  0x00000154a02907b0 WorkerThread "GC Thread#0" [stack: 0x0000000ef9500000,0x0000000ef9600000] [id=17308]
  0x00000154d1ffe060 WorkerThread "GC Thread#1" [stack: 0x0000000efad00000,0x0000000efae00000] [id=14124]
  0x00000154d1ffeb20 WorkerThread "GC Thread#2" [stack: 0x0000000efae00000,0x0000000efaf00000] [id=19576]
  0x00000154d1c43310 WorkerThread "GC Thread#3" [stack: 0x0000000efaf00000,0x0000000efb000000] [id=19928]
  0x00000154d1c435b0 WorkerThread "GC Thread#4" [stack: 0x0000000efb000000,0x0000000efb100000] [id=12312]
  0x00000154d21b3010 WorkerThread "GC Thread#5" [stack: 0x0000000efb100000,0x0000000efb200000] [id=9236]
  0x00000154d21b32b0 WorkerThread "GC Thread#6" [stack: 0x0000000efb200000,0x0000000efb300000] [id=2544]
  0x00000154d21b3550 WorkerThread "GC Thread#7" [stack: 0x0000000efb300000,0x0000000efb400000] [id=4244]
  0x00000154d21b5890 WorkerThread "GC Thread#8" [stack: 0x0000000efb400000,0x0000000efb500000] [id=19736]
  0x00000154d21b48d0 WorkerThread "GC Thread#9" [stack: 0x0000000efb500000,0x0000000efb600000] [id=9412]
  0x00000154d21b55f0 WorkerThread "GC Thread#10" [stack: 0x0000000efb600000,0x0000000efb700000] [id=16188]
  0x00000154d21b5b30 WorkerThread "GC Thread#11" [stack: 0x0000000efb700000,0x0000000efb800000] [id=6316]
  0x00000154d21b40f0 WorkerThread "GC Thread#12" [stack: 0x0000000efb800000,0x0000000efb900000] [id=14672]
  0x00000154ca2a8200 ConcurrentGCThread "G1 Main Marker" [stack: 0x0000000ef9600000,0x0000000ef9700000] [id=13796]
  0x00000154ca2a8bf0 WorkerThread "G1 Conc#0" [stack: 0x0000000ef9700000,0x0000000ef9800000] [id=19816]
  0x00000154d21b4390 WorkerThread "G1 Conc#1" [stack: 0x0000000efb900000,0x0000000efba00000] [id=19884]
  0x00000154d21b4b70 WorkerThread "G1 Conc#2" [stack: 0x0000000efba00000,0x0000000efbb00000] [id=8748]
  0x00000154ca3370b0 ConcurrentGCThread "G1 Refine#0" [stack: 0x0000000ef9800000,0x0000000ef9900000] [id=16244]
  0x00000154ca3379c0 ConcurrentGCThread "G1 Service" [stack: 0x0000000ef9900000,0x0000000ef9a00000] [id=14060]

Threads with active compile tasks:
C2 CompilerThread0     1950 4619   !   4       org.springframework.core.annotation.AnnotationsScanner::processMethodHierarchy (276 bytes)
C2 CompilerThread2     1950 4614       4       org.springframework.core.annotation.AnnotationsScanner::scan (18 bytes)
C2 CompilerThread3     1950 4632       4       org.springframework.core.annotation.AnnotationsScanner::process (43 bytes)

VM state: not at safepoint (normal execution)

VM Mutex/Monitor currently owned by a thread: None

Heap address: 0x0000000603400000, size: 8140 MB, Compressed Oops mode: Zero based, Oop shift amount: 3

CDS archive(s) mapped at: [0x0000000800000000-0x0000000800ba0000-0x0000000800ba0000), size 12189696, SharedBaseAddress: 0x0000000800000000, ArchiveRelocationMode: 0.
Compressed class space mapped at: 0x0000000800c00000-0x0000000840c00000, reserved size: 1073741824
Narrow klass base: 0x0000000800000000, Narrow klass shift: 0, Narrow klass range: 0x100000000

GC Precious Log:
 CardTable entry size: 512
 Card Set container configuration: InlinePtr #cards 4 size 8 Array Of Cards #cards 32 size 80 Howl #buckets 8 coarsen threshold 7372 Howl Bitmap #cards 1024 size 144 coarsen threshold 921 Card regions per heap region 1 cards per card region 8192
 CPUs: 16 total, 16 available
 Memory: 32559M
 Large Page Support: Disabled
 NUMA Support: Disabled
 Compressed Oops: Enabled (Zero based)
 Heap Region Size: 4M
 Heap Min Capacity: 8M
 Heap Initial Capacity: 512M
 Heap Max Capacity: 8140M
 Pre-touch: Disabled
 Parallel Workers: 13
 Concurrent Workers: 3
 Concurrent Refinement Workers: 13
 Periodic GC: Disabled

Heap:
 garbage-first heap   total 81920K, used 53653K [0x0000000603400000, 0x0000000800000000)
  region size 4096K, 11 young (45056K), 1 survivors (4096K)
 Metaspace       used 45615K, committed 45952K, reserved 1114112K
  class space    used 5991K, committed 6144K, reserved 1048576K

Heap Regions: E=young(eden), S=young(survivor), O=old, HS=humongous(starts), HC=humongous(continues), CS=collection set, F=free, OA=open archive, CA=closed archive, TAMS=top-at-mark-start (previous, next)
|   0|0x0000000603400000, 0x0000000603800000, 0x0000000603800000|100%| O|  |TAMS 0x0000000603800000, 0x0000000603400000| Untracked 
|   1|0x0000000603800000, 0x0000000603800000, 0x0000000603c00000|  0%| F|  |TAMS 0x0000000603800000, 0x0000000603800000| Untracked 
|   2|0x0000000603c00000, 0x0000000604000000, 0x0000000604000000|100%| O|  |TAMS 0x0000000604000000, 0x0000000603c00000| Untracked 
|   3|0x0000000604000000, 0x0000000604000000, 0x0000000604400000|  0%| F|  |TAMS 0x0000000604000000, 0x0000000604000000| Untracked 
|   4|0x0000000604400000, 0x0000000604400000, 0x0000000604800000|  0%| F|  |TAMS 0x0000000604400000, 0x0000000604400000| Untracked 
|   5|0x0000000604800000, 0x0000000604c00000, 0x0000000604c00000|100%| O|  |TAMS 0x0000000604c00000, 0x0000000604800000| Untracked 
|   6|0x0000000604c00000, 0x0000000604e73600, 0x0000000605000000| 61%| O|  |TAMS 0x0000000604e73600, 0x0000000604c00000| Complete 
|   7|0x0000000605000000, 0x0000000605000000, 0x0000000605400000|  0%| F|  |TAMS 0x0000000605000000, 0x0000000605000000| Untracked 
|   8|0x0000000605400000, 0x0000000605400000, 0x0000000605800000|  0%| F|  |TAMS 0x0000000605400000, 0x0000000605400000| Untracked 
|   9|0x0000000605800000, 0x0000000605a70778, 0x0000000605c00000| 60%| E|  |TAMS 0x0000000605800000, 0x0000000605800000| Complete 
|  10|0x0000000605c00000, 0x0000000605df1e60, 0x0000000606000000| 48%| S|CS|TAMS 0x0000000605c00000, 0x0000000605c00000| Complete 
|  11|0x0000000606000000, 0x0000000606400000, 0x0000000606400000|100%| E|CS|TAMS 0x0000000606000000, 0x0000000606000000| Complete 
|  12|0x0000000606400000, 0x0000000606800000, 0x0000000606800000|100%| E|CS|TAMS 0x0000000606400000, 0x0000000606400000| Complete 
|  13|0x0000000606800000, 0x0000000606c00000, 0x0000000606c00000|100%| E|CS|TAMS 0x0000000606800000, 0x0000000606800000| Complete 
|  14|0x0000000606c00000, 0x0000000607000000, 0x0000000607000000|100%| E|CS|TAMS 0x0000000606c00000, 0x0000000606c00000| Complete 
|  15|0x0000000607000000, 0x0000000607400000, 0x0000000607400000|100%| E|CS|TAMS 0x0000000607000000, 0x0000000607000000| Complete 
|  16|0x0000000607400000, 0x0000000607800000, 0x0000000607800000|100%| E|CS|TAMS 0x0000000607400000, 0x0000000607400000| Complete 
|  17|0x0000000607800000, 0x0000000607c00000, 0x0000000607c00000|100%| E|CS|TAMS 0x0000000607800000, 0x0000000607800000| Complete 
|  18|0x0000000607c00000, 0x0000000608000000, 0x0000000608000000|100%| E|CS|TAMS 0x0000000607c00000, 0x0000000607c00000| Complete 
| 127|0x0000000623000000, 0x0000000623400000, 0x0000000623400000|100%| E|CS|TAMS 0x0000000623000000, 0x0000000623000000| Complete 

Card table byte_map: [0x00000154b8390000,0x00000154b9380000] _byte_map_base: 0x00000154b5376000

Marking Bits (Prev, Next): (CMBitMap*) 0x00000154a0291dc0, (CMBitMap*) 0x00000154a0291e00
 Prev Bits: [0x00000154ba370000, 0x00000154c22a0000)
 Next Bits: [0x00000154c22a0000, 0x00000154ca1d0000)

Polling page: 0x000001549e000000

Metaspace:

Usage:
  Non-class:     38.70 MB used.
      Class:      5.85 MB used.
       Both:     44.55 MB used.

Virtual space:
  Non-class space:       64.00 MB reserved,      38.88 MB ( 61%) committed,  1 nodes.
      Class space:        1.00 GB reserved,       6.00 MB ( <1%) committed,  1 nodes.
             Both:        1.06 GB reserved,      44.88 MB (  4%) committed. 

Chunk freelists:
   Non-Class:  640.00 KB
       Class:  1.91 MB
        Both:  2.53 MB

MaxMetaspaceSize: unlimited
CompressedClassSpaceSize: 1.00 GB
Initial GC threshold: 21.00 MB
Current GC threshold: 59.19 MB
CDS: on
MetaspaceReclaimPolicy: balanced
 - commit_granule_bytes: 65536.
 - commit_granule_words: 8192.
 - virtual_space_node_default_size: 8388608.
 - enlarge_chunks_in_place: 1.
 - new_chunks_are_fully_committed: 0.
 - uncommit_free_chunks: 1.
 - use_allocation_guard: 0.


Internal statistics:

num_allocs_failed_limit: 6.
num_arena_births: 404.
num_arena_deaths: 0.
num_vsnodes_births: 2.
num_vsnodes_deaths: 0.
num_space_committed: 718.
num_space_uncommitted: 0.
num_chunks_returned_to_freelist: 6.
num_chunks_taken_from_freelist: 2010.
num_chunk_merges: 6.
num_chunk_splits: 1457.
num_chunks_enlarged: 1222.
num_inconsistent_stats: 0.

CodeHeap 'non-profiled nmethods': size=119168Kb used=2597Kb max_used=2597Kb free=116571Kb
 bounds [0x00000154af6b0000, 0x00000154af940000, 0x00000154b6b10000]
CodeHeap 'profiled nmethods': size=119104Kb used=10268Kb max_used=10268Kb free=108835Kb
 bounds [0x00000154a8260000, 0x00000154a8c70000, 0x00000154af6b0000]
CodeHeap 'non-nmethods': size=7488Kb used=2970Kb max_used=3014Kb free=4518Kb
 bounds [0x00000154a7b10000, 0x00000154a7e10000, 0x00000154a8260000]
 total_blobs=5234 nmethods=4642 adapters=501
 compilation: enabled
              stopped_count=0, restarted_count=0
 full_count=0

Compilation events (20 events):
Event: 1.879 Thread 0x00000154d47e3f60 4615       4       java.lang.Class::getMethodsRecursive (99 bytes)
Event: 1.884 Thread 0x00000154d3d760a0 nmethod 4622 0x00000154af916d90 code [0x00000154af916f60, 0x00000154af917c48]
Event: 1.884 Thread 0x00000154d3d760a0 4627       4       org.springframework.core.annotation.AnnotationsScanner::getBaseTypeMethods (145 bytes)
Event: 1.887 Thread 0x00000154d1427370 4638       3       java.lang.invoke.MethodHandles$Lookup::getDirectMethod (18 bytes)
Event: 1.887 Thread 0x00000154d1427370 nmethod 4638 0x00000154a8c63d90 code [0x00000154a8c63f20, 0x00000154a8c64068]
Event: 1.896 Thread 0x00000154d1a9d490 nmethod 4594 0x00000154af918290 code [0x00000154af918800, 0x00000154af91c8c8]
Event: 1.896 Thread 0x00000154d1a9d490 4625       4       jdk.internal.org.objectweb.asm.Frame::merge (395 bytes)
Event: 1.907 Thread 0x00000154d1a9d490 nmethod 4625 0x00000154af91fe10 code [0x00000154af920020, 0x00000154af921488]
Event: 1.907 Thread 0x00000154d1a9d490 4616       4       java.lang.PublicMethods$Key::matches (31 bytes)
Event: 1.908 Thread 0x00000154d1a9d490 nmethod 4616 0x00000154af922190 code [0x00000154af922320, 0x00000154af922528]
Event: 1.908 Thread 0x00000154d1a9d490 4614       4       org.springframework.core.annotation.AnnotationsScanner::scan (18 bytes)
Event: 1.908 Thread 0x00000154d47e3f60 nmethod 4615 0x00000154af922690 code [0x00000154af9229a0, 0x00000154af9247c8]
Event: 1.908 Thread 0x00000154d47e3f60 4632       4       org.springframework.core.annotation.AnnotationsScanner::process (43 bytes)
Event: 1.924 Thread 0x00000154d1a9ef00 nmethod 4556 0x00000154af925b10 code [0x00000154af926020, 0x00000154af92cdf8]
Event: 1.924 Thread 0x00000154d1a9ef00 4634       4       org.springframework.core.annotation.TypeMappedAnnotations$MergedAnnotationFinder::finish (9 bytes)
Event: 1.925 Thread 0x00000154d1a9ef00 nmethod 4634 0x00000154af930690 code [0x00000154af930800, 0x00000154af9308b8]
Event: 1.925 Thread 0x00000154d1a9ef00 4633       4       org.springframework.core.annotation.TypeMappedAnnotations$MergedAnnotationFinder::<init> (37 bytes)
Event: 1.926 Thread 0x00000154d1a9ef00 nmethod 4633 0x00000154af930990 code [0x00000154af930b00, 0x00000154af930f18]
Event: 1.926 Thread 0x00000154d1a9ef00 4637       4       java.util.stream.Sink::end (1 bytes)
Event: 1.926 Thread 0x00000154d1a9ef00 nmethod 4637 0x00000154af930f90 code [0x00000154af931100, 0x00000154af931178]

GC Heap History (12 events):
Event: 0.296 GC heap before
{Heap before GC invocations=0 (full 0):
 garbage-first heap   total 524288K, used 20480K [0x0000000603400000, 0x0000000800000000)
  region size 4096K, 6 young (24576K), 0 survivors (0K)
 Metaspace       used 6323K, committed 6528K, reserved 1114112K
  class space    used 721K, committed 832K, reserved 1048576K
}
Event: 0.298 GC heap after
{Heap after GC invocations=1 (full 0):
 garbage-first heap   total 524288K, used 6243K [0x0000000603400000, 0x0000000800000000)
  region size 4096K, 1 young (4096K), 1 survivors (4096K)
 Metaspace       used 6323K, committed 6528K, reserved 1114112K
  class space    used 721K, committed 832K, reserved 1048576K
}
Event: 0.451 GC heap before
{Heap before GC invocations=1 (full 0):
 garbage-first heap   total 524288K, used 22627K [0x0000000603400000, 0x0000000800000000)
  region size 4096K, 6 young (24576K), 1 survivors (4096K)
 Metaspace       used 11865K, committed 12096K, reserved 1114112K
  class space    used 1380K, committed 1472K, reserved 1048576K
}
Event: 0.452 GC heap after
{Heap after GC invocations=2 (full 0):
 garbage-first heap   total 524288K, used 7526K [0x0000000603400000, 0x0000000800000000)
  region size 4096K, 1 young (4096K), 1 survivors (4096K)
 Metaspace       used 11865K, committed 12096K, reserved 1114112K
  class space    used 1380K, committed 1472K, reserved 1048576K
}
Event: 0.959 GC heap before
{Heap before GC invocations=2 (full 0):
 garbage-first heap   total 524288K, used 60774K [0x0000000603400000, 0x0000000800000000)
  region size 4096K, 15 young (61440K), 1 survivors (4096K)
 Metaspace       used 21327K, committed 21504K, reserved 1114112K
  class space    used 2605K, committed 2688K, reserved 1048576K
}
Event: 0.961 GC heap after
{Heap after GC invocations=3 (full 0):
 garbage-first heap   total 524288K, used 11393K [0x0000000603400000, 0x0000000800000000)
  region size 4096K, 2 young (8192K), 2 survivors (8192K)
 Metaspace       used 21327K, committed 21504K, reserved 1114112K
  class space    used 2605K, committed 2688K, reserved 1048576K
}
Event: 1.288 GC heap before
{Heap before GC invocations=4 (full 0):
 garbage-first heap   total 69632K, used 52353K [0x0000000603400000, 0x0000000800000000)
  region size 4096K, 12 young (49152K), 2 survivors (8192K)
 Metaspace       used 29129K, committed 29440K, reserved 1114112K
  class space    used 3598K, committed 3712K, reserved 1048576K
}
Event: 1.292 GC heap after
{Heap after GC invocations=5 (full 0):
 garbage-first heap   total 69632K, used 15286K [0x0000000603400000, 0x0000000800000000)
  region size 4096K, 2 young (8192K), 2 survivors (8192K)
 Metaspace       used 29129K, committed 29440K, reserved 1114112K
  class space    used 3598K, committed 3712K, reserved 1048576K
}
Event: 1.335 GC heap before
{Heap before GC invocations=5 (full 0):
 garbage-first heap   total 69632K, used 19382K [0x0000000603400000, 0x0000000800000000)
  region size 4096K, 3 young (12288K), 2 survivors (8192K)
 Metaspace       used 30221K, committed 30592K, reserved 1114112K
  class space    used 3784K, committed 3968K, reserved 1048576K
}
Event: 1.339 GC heap after
{Heap after GC invocations=6 (full 0):
 garbage-first heap   total 69632K, used 15673K [0x0000000603400000, 0x0000000800000000)
  region size 4096K, 1 young (4096K), 1 survivors (4096K)
 Metaspace       used 30221K, committed 30592K, reserved 1114112K
  class space    used 3784K, committed 3968K, reserved 1048576K
}
Event: 1.505 GC heap before
{Heap before GC invocations=6 (full 0):
 garbage-first heap   total 69632K, used 27961K [0x0000000603400000, 0x0000000800000000)
  region size 4096K, 6 young (24576K), 1 survivors (4096K)
 Metaspace       used 35864K, committed 36160K, reserved 1114112K
  class space    used 4602K, committed 4736K, reserved 1048576K
}
Event: 1.506 GC heap after
{Heap after GC invocations=7 (full 0):
 garbage-first heap   total 299008K, used 16789K [0x0000000603400000, 0x0000000800000000)
  region size 4096K, 1 young (4096K), 1 survivors (4096K)
 Metaspace       used 35864K, committed 36160K, reserved 1114112K
  class space    used 4602K, committed 4736K, reserved 1048576K
}

Deoptimization events (20 events):
Event: 1.848 Thread 0x00000154a01dc8a0 Uncommon trap: trap_request=0xffffff45 fr.pc=0x00000154af8391b0 relative=0x00000000000007f0
Event: 1.848 Thread 0x00000154a01dc8a0 Uncommon trap: reason=unstable_if action=reinterpret pc=0x00000154af8391b0 method=java.lang.PublicMethods$MethodList.filter([Ljava/lang/reflect/Method;Ljava/lang/String;[Ljava/lang/Class;Z)Ljava/lang/PublicMethods$MethodList; @ 43 c2
Event: 1.848 Thread 0x00000154a01dc8a0 DEOPT PACKING pc=0x00000154af8391b0 sp=0x0000000ef94fc470
Event: 1.848 Thread 0x00000154a01dc8a0 DEOPT UNPACKING pc=0x00000154a7b623a3 sp=0x0000000ef94fc430 mode 2
Event: 1.849 Thread 0x00000154a01dc8a0 Uncommon trap: trap_request=0xffffff45 fr.pc=0x00000154af8c0764 relative=0x00000000000001c4
Event: 1.849 Thread 0x00000154a01dc8a0 Uncommon trap: reason=unstable_if action=reinterpret pc=0x00000154af8c0764 method=java.util.ArrayDeque.addLast(Ljava/lang/Object;)V @ 42 c2
Event: 1.849 Thread 0x00000154a01dc8a0 DEOPT PACKING pc=0x00000154af8c0764 sp=0x0000000ef94fcbe0
Event: 1.849 Thread 0x00000154a01dc8a0 DEOPT UNPACKING pc=0x00000154a7b623a3 sp=0x0000000ef94fcb38 mode 2
Event: 1.860 Thread 0x00000154a01dc8a0 Uncommon trap: trap_request=0xffffff45 fr.pc=0x00000154af82d4a4 relative=0x0000000000000de4
Event: 1.860 Thread 0x00000154a01dc8a0 Uncommon trap: reason=unstable_if action=reinterpret pc=0x00000154af82d4a4 method=java.util.concurrent.ConcurrentHashMap.putVal(Ljava/lang/Object;Ljava/lang/Object;Z)Ljava/lang/Object; @ 401 c2
Event: 1.860 Thread 0x00000154a01dc8a0 DEOPT PACKING pc=0x00000154af82d4a4 sp=0x0000000ef94fc720
Event: 1.860 Thread 0x00000154a01dc8a0 DEOPT UNPACKING pc=0x00000154a7b623a3 sp=0x0000000ef94fc6b0 mode 2
Event: 1.861 Thread 0x00000154a01dc8a0 Uncommon trap: trap_request=0xffffff45 fr.pc=0x00000154af8b8a84 relative=0x0000000000000264
Event: 1.861 Thread 0x00000154a01dc8a0 Uncommon trap: reason=unstable_if action=reinterpret pc=0x00000154af8b8a84 method=java.util.concurrent.ConcurrentHashMap.get(Ljava/lang/Object;)Ljava/lang/Object; @ 86 c2
Event: 1.861 Thread 0x00000154a01dc8a0 DEOPT PACKING pc=0x00000154af8b8a84 sp=0x0000000ef94fc7c0
Event: 1.861 Thread 0x00000154a01dc8a0 DEOPT UNPACKING pc=0x00000154a7b623a3 sp=0x0000000ef94fc728 mode 2
Event: 1.904 Thread 0x00000154a01dc8a0 Uncommon trap: trap_request=0xffffff45 fr.pc=0x00000154af818798 relative=0x0000000000000118
Event: 1.904 Thread 0x00000154a01dc8a0 Uncommon trap: reason=unstable_if action=reinterpret pc=0x00000154af818798 method=jdk.internal.org.objectweb.asm.ByteVector.putInt(I)Ljdk/internal/org/objectweb/asm/ByteVector; @ 13 c2
Event: 1.904 Thread 0x00000154a01dc8a0 DEOPT PACKING pc=0x00000154af818798 sp=0x0000000ef94faff0
Event: 1.904 Thread 0x00000154a01dc8a0 DEOPT UNPACKING pc=0x00000154a7b623a3 sp=0x0000000ef94faf88 mode 2

Classes loaded (20 events):
Event: 1.807 Loading class java/util/TimerTask
Event: 1.807 Loading class java/util/TimerTask done
Event: 1.830 Loading class javax/naming/Reference
Event: 1.830 Loading class javax/naming/Reference done
Event: 1.831 Loading class java/util/ArrayList$ListItr
Event: 1.831 Loading class java/util/ArrayList$ListItr done
Event: 1.836 Loading class java/lang/ObjectCustomizer
Event: 1.836 Loading class java/lang/ObjectCustomizer done
Event: 1.836 Loading class java/lang/ObjectCustomizer
Event: 1.836 Loading class java/lang/ObjectCustomizer done
Event: 1.843 Loading class java/lang/ObjectCustomizer
Event: 1.843 Loading class java/lang/ObjectCustomizer done
Event: 1.843 Loading class java/lang/ObjectCustomizer
Event: 1.843 Loading class java/lang/ObjectCustomizer done
Event: 1.848 Loading class java/lang/SafeVarargs
Event: 1.848 Loading class java/lang/SafeVarargs done
Event: 1.860 Loading class java/util/concurrent/ConcurrentHashMap$TreeNode
Event: 1.860 Loading class java/util/concurrent/ConcurrentHashMap$TreeNode done
Event: 1.860 Loading class java/util/concurrent/ConcurrentHashMap$TreeBin
Event: 1.860 Loading class java/util/concurrent/ConcurrentHashMap$TreeBin done

Classes unloaded (0 events):
No events

Classes redefined (0 events):
No events

Internal exceptions (20 events):
Event: 1.837 Thread 0x00000154a01dc8a0 Exception <a 'java/lang/ClassNotFoundException'{0x00000006064eb3a0}: org/springframework/data/repository/core/support/RepositoryFactoryBeanSupportCustomizer> (0x00000006064eb3a0) 
thrown [s\open\src\hotspot\share\classfile\systemDictionary.cpp, line 255]
Event: 1.838 Thread 0x00000154a01dc8a0 Exception <a 'java/lang/ClassNotFoundException'{0x00000006065109e8}: org/springframework/data/repository/core/support/TransactionalRepositoryFactoryBeanSupportCustomizer> (0x00000006065109e8) 
thrown [s\open\src\hotspot\share\classfile\systemDictionary.cpp, line 255]
Event: 1.838 Thread 0x00000154a01dc8a0 Exception <a 'java/lang/ClassNotFoundException'{0x000000060651de40}: org/springframework/data/jpa/repository/support/JpaRepositoryFactoryBeanCustomizer> (0x000000060651de40) 
thrown [s\open\src\hotspot\share\classfile\systemDictionary.cpp, line 255]
Event: 1.839 Thread 0x00000154a01dc8a0 Exception <a 'java/lang/ClassNotFoundException'{0x000000060654cb00}: org/springframework/beans/factory/BeanFactoryAwareCustomizer> (0x000000060654cb00) 
thrown [s\open\src\hotspot\share\classfile\systemDictionary.cpp, line 255]
Event: 1.840 Thread 0x00000154a01dc8a0 Exception <a 'java/lang/ClassNotFoundException'{0x00000006065510f0}: org/springframework/beans/factory/AwareCustomizer> (0x00000006065510f0) 
thrown [s\open\src\hotspot\share\classfile\systemDictionary.cpp, line 255]
Event: 1.840 Thread 0x00000154a01dc8a0 Exception <a 'java/lang/ClassNotFoundException'{0x0000000606554398}: org/springframework/beans/factory/InitializingBeanCustomizer> (0x0000000606554398) 
thrown [s\open\src\hotspot\share\classfile\systemDictionary.cpp, line 255]
Event: 1.840 Thread 0x00000154a01dc8a0 Exception <a 'java/lang/ClassNotFoundException'{0x0000000606558720}: org/springframework/data/repository/core/support/RepositoryFactoryInformationCustomizer> (0x0000000606558720) 
thrown [s\open\src\hotspot\share\classfile\systemDictionary.cpp, line 255]
Event: 1.840 Thread 0x00000154a01dc8a0 Exception <a 'java/lang/ClassNotFoundException'{0x0000000606562058}: org/springframework/beans/factory/FactoryBeanCustomizer> (0x0000000606562058) 
thrown [s\open\src\hotspot\share\classfile\systemDictionary.cpp, line 255]
Event: 1.841 Thread 0x00000154a01dc8a0 Exception <a 'java/lang/ClassNotFoundException'{0x00000006065695e0}: org/springframework/beans/factory/BeanClassLoaderAwareCustomizer> (0x00000006065695e0) 
thrown [s\open\src\hotspot\share\classfile\systemDictionary.cpp, line 255]
Event: 1.841 Thread 0x00000154a01dc8a0 Exception <a 'java/lang/ClassNotFoundException'{0x000000060656d540}: org/springframework/beans/factory/AwareCustomizer> (0x000000060656d540) 
thrown [s\open\src\hotspot\share\classfile\systemDictionary.cpp, line 255]
Event: 1.841 Thread 0x00000154a01dc8a0 Exception <a 'java/lang/ClassNotFoundException'{0x0000000606570780}: org/springframework/beans/factory/BeanFactoryAwareCustomizer> (0x0000000606570780) 
thrown [s\open\src\hotspot\share\classfile\systemDictionary.cpp, line 255]
Event: 1.841 Thread 0x00000154a01dc8a0 Exception <a 'java/lang/ClassNotFoundException'{0x0000000606574d70}: org/springframework/beans/factory/AwareCustomizer> (0x0000000606574d70) 
thrown [s\open\src\hotspot\share\classfile\systemDictionary.cpp, line 255]
Event: 1.841 Thread 0x00000154a01dc8a0 Exception <a 'java/lang/ClassNotFoundException'{0x0000000606578110}: org/springframework/context/ApplicationEventPublisherAwareCustomizer> (0x0000000606578110) 
thrown [s\open\src\hotspot\share\classfile\systemDictionary.cpp, line 255]
Event: 1.841 Thread 0x00000154a01dc8a0 Exception <a 'java/lang/ClassNotFoundException'{0x000000060657c7f8}: org/springframework/beans/factory/AwareCustomizer> (0x000000060657c7f8) 
thrown [s\open\src\hotspot\share\classfile\systemDictionary.cpp, line 255]
Event: 1.843 Thread 0x00000154a01dc8a0 Exception <a 'java/lang/ClassNotFoundException'{0x00000006065a8580}: java/lang/ObjectCustomizer> (0x00000006065a8580) 
thrown [s\open\src\hotspot\share\classfile\systemDictionary.cpp, line 255]
Event: 1.843 Thread 0x00000154a01dc8a0 Exception <a 'java/lang/ClassNotFoundException'{0x00000006065aed38}: org/springframework/core/io/support/PropertiesLoaderSupportCustomizer> (0x00000006065aed38) 
thrown [s\open\src\hotspot\share\classfile\systemDictionary.cpp, line 255]
Event: 1.844 Thread 0x00000154a01dc8a0 Exception <a 'java/lang/ClassNotFoundException'{0x00000006065bad30}: org/springframework/beans/factory/config/PropertiesFactoryBeanCustomizer> (0x00000006065bad30) 
thrown [s\open\src\hotspot\share\classfile\systemDictionary.cpp, line 255]
Event: 1.844 Thread 0x00000154a01dc8a0 Exception <a 'java/lang/ClassNotFoundException'{0x00000006065ce760}: org/springframework/beans/factory/FactoryBeanCustomizer> (0x00000006065ce760) 
thrown [s\open\src\hotspot\share\classfile\systemDictionary.cpp, line 255]
Event: 1.845 Thread 0x00000154a01dc8a0 Exception <a 'java/lang/ClassNotFoundException'{0x00000006065d4370}: org/springframework/beans/factory/InitializingBeanCustomizer> (0x00000006065d4370) 
thrown [s\open\src\hotspot\share\classfile\systemDictionary.cpp, line 255]
Event: 1.880 Thread 0x00000154a01dc8a0 Exception <a 'java/lang/IncompatibleClassChangeError'{0x0000000606223310}: Found class java.lang.Object, but interface was expected> (0x0000000606223310) 
thrown [s\open\src\hotspot\share\interpreter\linkResolver.cpp, line 826]

VM Operations (20 events):
Event: 1.206 Executing VM operation: HandshakeAllThreads
Event: 1.206 Executing VM operation: HandshakeAllThreads done
Event: 1.239 Executing VM operation: ICBufferFull
Event: 1.239 Executing VM operation: ICBufferFull done
Event: 1.288 Executing VM operation: G1CollectForAllocation
Event: 1.292 Executing VM operation: G1CollectForAllocation done
Event: 1.335 Executing VM operation: G1CollectForAllocation
Event: 1.339 Executing VM operation: G1CollectForAllocation done
Event: 1.473 Executing VM operation: HandshakeAllThreads
Event: 1.473 Executing VM operation: HandshakeAllThreads done
Event: 1.504 Executing VM operation: CollectForMetadataAllocation
Event: 1.506 Executing VM operation: CollectForMetadataAllocation done
Event: 1.513 Executing VM operation: G1Concurrent
Event: 1.515 Executing VM operation: G1Concurrent done
Event: 1.517 Executing VM operation: G1Concurrent
Event: 1.517 Executing VM operation: G1Concurrent done
Event: 1.761 Executing VM operation: ICBufferFull
Event: 1.762 Executing VM operation: ICBufferFull done
Event: 1.831 Executing VM operation: HandshakeAllThreads
Event: 1.831 Executing VM operation: HandshakeAllThreads done

Events (20 events):
Event: 0.087 Loaded shared library C:\Users\Arthur\.jdks\openjdk-18.0.2.1\bin\verify.dll
Event: 0.089 Loaded shared library C:\Users\Arthur\.jdks\openjdk-18.0.2.1\bin\jimage.dll
Event: 0.118 Thread 0x00000154d1a3e990 Thread added: 0x00000154d1a3e990
Event: 0.138 Thread 0x00000154d1a9ef00 Thread added: 0x00000154d1a9ef00
Event: 0.142 Thread 0x00000154d1a9d490 Thread added: 0x00000154d1a9d490
Event: 0.340 Loaded shared library C:\Users\Arthur\.jdks\openjdk-18.0.2.1\bin\management.dll
Event: 0.341 Loaded shared library C:\Users\Arthur\.jdks\openjdk-18.0.2.1\bin\management_ext.dll
Event: 0.375 Thread 0x00000154d22406a0 Thread added: 0x00000154d22406a0
Event: 0.497 Thread 0x00000154d22406a0 Thread exited: 0x00000154d22406a0
Event: 0.533 Thread 0x00000154d2abdda0 Thread added: 0x00000154d2abdda0
Event: 0.543 Thread 0x00000154d2abdda0 Thread exited: 0x00000154d2abdda0
Event: 1.141 Loaded shared library C:\Users\Arthur\.jdks\openjdk-18.0.2.1\bin\sunmscapi.dll
Event: 1.180 Thread 0x00000154d2c65170 Thread added: 0x00000154d2c65170
Event: 1.181 Thread 0x00000154d2c65630 Thread added: 0x00000154d2c65630
Event: 1.182 Thread 0x00000154d3744f70 Thread added: 0x00000154d3744f70
Event: 1.191 Thread 0x00000154d3cd9070 Thread added: 0x00000154d3cd9070
Event: 1.490 Thread 0x00000154d3cdb6f0 Thread added: 0x00000154d3cdb6f0
Event: 1.591 Thread 0x00000154d3cda880 Thread added: 0x00000154d3cda880
Event: 1.873 Thread 0x00000154d47e3f60 Thread added: 0x00000154d47e3f60
Event: 1.873 Thread 0x00000154d3d760a0 Thread added: 0x00000154d3d760a0


Dynamic libraries:
0x00007ff76e600000 - 0x00007ff76e60e000 	C:\Users\Arthur\.jdks\openjdk-18.0.2.1\bin\java.exe
0x00007fffbb190000 - 0x00007fffbb388000 	C:\WINDOWS\SYSTEM32\ntdll.dll
0x00007fffbaaa0000 - 0x00007fffbab5d000 	C:\WINDOWS\System32\KERNEL32.DLL
0x00007fffb8c50000 - 0x00007fffb8f1e000 	C:\WINDOWS\System32\KERNELBASE.dll
0x00007fffb8f70000 - 0x00007fffb9070000 	C:\WINDOWS\System32\ucrtbase.dll
0x00007fff7e910000 - 0x00007fff7e92a000 	C:\Users\Arthur\.jdks\openjdk-18.0.2.1\bin\VCRUNTIME140.dll
0x00007fff7f550000 - 0x00007fff7f567000 	C:\Users\Arthur\.jdks\openjdk-18.0.2.1\bin\jli.dll
0x00007fffb9750000 - 0x00007fffb98f0000 	C:\WINDOWS\System32\USER32.dll
0x00007fffb8bb0000 - 0x00007fffb8bd2000 	C:\WINDOWS\System32\win32u.dll
0x00007fffa4150000 - 0x00007fffa43ea000 	C:\WINDOWS\WinSxS\amd64_microsoft.windows.common-controls_6595b64144ccf1df_6.0.19041.1110_none_60b5254171f9507e\COMCTL32.dll
0x00007fffba530000 - 0x00007fffba55a000 	C:\WINDOWS\System32\GDI32.dll
0x00007fffb88b0000 - 0x00007fffb89bb000 	C:\WINDOWS\System32\gdi32full.dll
0x00007fffb92a0000 - 0x00007fffb933e000 	C:\WINDOWS\System32\msvcrt.dll
0x00007fffb9150000 - 0x00007fffb91ed000 	C:\WINDOWS\System32\msvcp_win.dll
0x00007fffbae10000 - 0x00007fffbae40000 	C:\WINDOWS\System32\IMM32.DLL
0x00007fffb3160000 - 0x00007fffb316c000 	C:\Users\Arthur\.jdks\openjdk-18.0.2.1\bin\vcruntime140_1.dll
0x00007fff69820000 - 0x00007fff698ad000 	C:\Users\Arthur\.jdks\openjdk-18.0.2.1\bin\msvcp140.dll
0x00007fff68c00000 - 0x00007fff69811000 	C:\Users\Arthur\.jdks\openjdk-18.0.2.1\bin\server\jvm.dll
0x00007fffb91f0000 - 0x00007fffb929e000 	C:\WINDOWS\System32\ADVAPI32.dll
0x00007fffbae40000 - 0x00007fffbaedc000 	C:\WINDOWS\System32\sechost.dll
0x00007fffb9950000 - 0x00007fffb9a75000 	C:\WINDOWS\System32\RPCRT4.dll
0x00007fffbac40000 - 0x00007fffbac48000 	C:\WINDOWS\System32\PSAPI.DLL
0x00007fffb0a20000 - 0x00007fffb0a2a000 	C:\WINDOWS\SYSTEM32\VERSION.dll
0x00007fffac3f0000 - 0x00007fffac3f9000 	C:\WINDOWS\SYSTEM32\WSOCK32.dll
0x00007fffa7470000 - 0x00007fffa7497000 	C:\WINDOWS\SYSTEM32\WINMM.dll
0x00007fffba560000 - 0x00007fffba5cb000 	C:\WINDOWS\System32\WS2_32.dll
0x00007fffb7150000 - 0x00007fffb7162000 	C:\WINDOWS\SYSTEM32\kernel.appcore.dll
0x00007fff9ac60000 - 0x00007fff9ac6a000 	C:\Users\Arthur\.jdks\openjdk-18.0.2.1\bin\jimage.dll
0x00007fffb6620000 - 0x00007fffb6804000 	C:\WINDOWS\SYSTEM32\DBGHELP.DLL
0x00007fff9ef50000 - 0x00007fff9ef7c000 	C:\WINDOWS\SYSTEM32\dbgcore.DLL
0x00007fffb8b20000 - 0x00007fffb8ba2000 	C:\WINDOWS\System32\bcryptPrimitives.dll
0x00007fffb5c00000 - 0x00007fffb5c0e000 	C:\Users\Arthur\.jdks\openjdk-18.0.2.1\bin\instrument.dll
0x00007fff6f650000 - 0x00007fff6f675000 	C:\Users\Arthur\.jdks\openjdk-18.0.2.1\bin\java.dll
0x00007fff68b20000 - 0x00007fff68bf6000 	C:\Users\Arthur\.jdks\openjdk-18.0.2.1\bin\jsvml.dll
0x00007fffb9b60000 - 0x00007fffba2a3000 	C:\WINDOWS\System32\SHELL32.dll
0x00007fffb69a0000 - 0x00007fffb7135000 	C:\WINDOWS\SYSTEM32\windows.storage.dll
0x00007fffb9340000 - 0x00007fffb9694000 	C:\WINDOWS\System32\combase.dll
0x00007fffb8310000 - 0x00007fffb8340000 	C:\WINDOWS\SYSTEM32\Wldp.dll
0x00007fffb96a0000 - 0x00007fffb974d000 	C:\WINDOWS\System32\SHCORE.dll
0x00007fffb98f0000 - 0x00007fffb9945000 	C:\WINDOWS\System32\shlwapi.dll
0x00007fffb87f0000 - 0x00007fffb880f000 	C:\WINDOWS\SYSTEM32\profapi.dll
0x00007fff6f610000 - 0x00007fff6f628000 	C:\Users\Arthur\.jdks\openjdk-18.0.2.1\bin\zip.dll
0x00007fff79ee0000 - 0x00007fff79ef3000 	C:\Users\Arthur\.jdks\openjdk-18.0.2.1\bin\net.dll
0x00007fffaeb10000 - 0x00007fffaec1a000 	C:\WINDOWS\SYSTEM32\WINHTTP.dll
0x00007fffb8070000 - 0x00007fffb80da000 	C:\WINDOWS\system32\mswsock.dll
0x00007fff6f630000 - 0x00007fff6f646000 	C:\Users\Arthur\.jdks\openjdk-18.0.2.1\bin\nio.dll
0x00007fffb2fb0000 - 0x00007fffb2fca000 	D:\JetBrains\IntelliJ IDEA Community Edition 2022.2.1\bin\breakgen64.dll
0x00007fff999e0000 - 0x00007fff999f0000 	C:\Users\Arthur\.jdks\openjdk-18.0.2.1\bin\verify.dll
0x00007fffb5be0000 - 0x00007fffb5be9000 	C:\Users\Arthur\.jdks\openjdk-18.0.2.1\bin\management.dll
0x00007fffb0a00000 - 0x00007fffb0a0b000 	C:\Users\Arthur\.jdks\openjdk-18.0.2.1\bin\management_ext.dll
0x00007fff8bca0000 - 0x00007fff8bcb7000 	C:\WINDOWS\system32\napinsp.dll
0x00007fff8bc80000 - 0x00007fff8bc9b000 	C:\WINDOWS\system32\pnrpnsp.dll
0x00007fffb3520000 - 0x00007fffb3535000 	C:\WINDOWS\system32\wshbth.dll
0x00007fffb4f60000 - 0x00007fffb4f7d000 	C:\WINDOWS\system32\NLAapi.dll
0x00007fffb7d10000 - 0x00007fffb7d4b000 	C:\WINDOWS\SYSTEM32\IPHLPAPI.DLL
0x00007fffb7d50000 - 0x00007fffb7e1a000 	C:\WINDOWS\SYSTEM32\DNSAPI.dll
0x00007fffb9b50000 - 0x00007fffb9b58000 	C:\WINDOWS\System32\NSI.dll
0x00007fff8bc30000 - 0x00007fff8bc42000 	C:\WINDOWS\System32\winrnr.dll
0x00007fffa57e0000 - 0x00007fffa57ea000 	C:\Windows\System32\rasadhlp.dll
0x00007fffa6c50000 - 0x00007fffa6cd0000 	C:\WINDOWS\System32\fwpuclnt.dll
0x00007fffb9120000 - 0x00007fffb9147000 	C:\WINDOWS\System32\bcrypt.dll
0x00007fffb8260000 - 0x00007fffb8278000 	C:\WINDOWS\SYSTEM32\CRYPTSP.dll
0x00007fffb7980000 - 0x00007fffb79b4000 	C:\WINDOWS\system32\rsaenh.dll
0x00007fffb8770000 - 0x00007fffb879e000 	C:\WINDOWS\SYSTEM32\USERENV.dll
0x00007fffb8280000 - 0x00007fffb828c000 	C:\WINDOWS\SYSTEM32\CRYPTBASE.dll
0x00007fffb10a0000 - 0x00007fffb10b7000 	C:\WINDOWS\SYSTEM32\dhcpcsvc6.DLL
0x00007fffb1af0000 - 0x00007fffb1b0d000 	C:\WINDOWS\SYSTEM32\dhcpcsvc.DLL
0x00007fff917a0000 - 0x00007fff917ae000 	C:\Users\Arthur\.jdks\openjdk-18.0.2.1\bin\sunmscapi.dll
0x00007fffb89c0000 - 0x00007fffb8b16000 	C:\WINDOWS\System32\CRYPT32.dll
0x00007fffb8380000 - 0x00007fffb83a7000 	C:\WINDOWS\SYSTEM32\ncrypt.dll
0x00007fffb8340000 - 0x00007fffb837b000 	C:\WINDOWS\SYSTEM32\NTASN1.dll

dbghelp: loaded successfully - version: 4.0.5 - missing functions: none
symbol engine: initialized successfully - sym options: 0x614 - pdb path: .;C:\Users\Arthur\.jdks\openjdk-18.0.2.1\bin;C:\WINDOWS\SYSTEM32;C:\WINDOWS\WinSxS\amd64_microsoft.windows.common-controls_6595b64144ccf1df_6.0.19041.1110_none_60b5254171f9507e;C:\Users\Arthur\.jdks\openjdk-18.0.2.1\bin\server;D:\JetBrains\IntelliJ IDEA Community Edition 2022.2.1\bin

VM Arguments:
jvm_args: -javaagent:D:\JetBrains\IntelliJ IDEA Community Edition 2022.2.1\lib\idea_rt.jar=53982:D:\JetBrains\IntelliJ IDEA Community Edition 2022.2.1\bin -Dfile.encoding=UTF-8 -Dsun.stdout.encoding=UTF-8 -Dsun.stderr.encoding=UTF-8 
java_command: fr.projetannuel.gameaddict.GameAddictApplication
java_class_path (initial): C:\Users\Arthur\IdeaProjects\gameAddict-back\target\classes;C:\Users\Arthur\.m2\repository\org\springframework\boot\spring-boot-starter-data-jpa\2.7.3\spring-boot-starter-data-jpa-2.7.3.jar;C:\Users\Arthur\.m2\repository\org\springframework\boot\spring-boot-starter-aop\2.7.3\spring-boot-starter-aop-2.7.3.jar;C:\Users\Arthur\.m2\repository\org\springframework\spring-aop\5.3.22\spring-aop-5.3.22.jar;C:\Users\Arthur\.m2\repository\org\aspectj\aspectjweaver\1.9.7\aspectjweaver-1.9.7.jar;C:\Users\Arthur\.m2\repository\org\springframework\boot\spring-boot-starter-jdbc\2.7.3\spring-boot-starter-jdbc-2.7.3.jar;C:\Users\Arthur\.m2\repository\com\zaxxer\HikariCP\4.0.3\HikariCP-4.0.3.jar;C:\Users\Arthur\.m2\repository\org\springframework\spring-jdbc\5.3.22\spring-jdbc-5.3.22.jar;C:\Users\Arthur\.m2\repository\jakarta\transaction\jakarta.transaction-api\1.3.3\jakarta.transaction-api-1.3.3.jar;C:\Users\Arthur\.m2\repository\jakarta\persistence\jakarta.persistence-api\2.2.3\jakarta.persistence-api-2.2.3.jar;C:\Users\Arthur\.m2\repository\org\hibernate\hibernate-core\5.6.10.Final\hibernate-core-5.6.10.Final.jar;C:\Users\Arthur\.m2\repository\org\jboss\logging\jboss-logging\3.4.3.Final\jboss-logging-3.4.3.Final.jar;C:\Users\Arthur\.m2\repository\net\bytebuddy\byte-buddy\1.12.13\byte-buddy-1.12.13.jar;C:\Users\Arthur\.m2\repository\antlr\antlr\2.7.7\antlr-2.7.7.jar;C:\Users\Arthur\.m2\repository\org\jboss\jandex\2.4.2.Final\jandex-2.4.2.Final.jar;C:\Users\Arthur\.m2\repository\com\fasterxml\classmate\1.5.1\classmate-1.5.1.jar;C:\Users\Arthur\.m2\repository\org\hibernate\common\hibernate-commons-annotations\5.1.2.Final\hibernate-commons-annotations-5.1.2.Final.jar;C:\Users\Arthur\.m2\repository\org\glassfish\jaxb\jaxb-runtime\2.3.6\jaxb-runtime-2.3.6.jar;C:\Users\Arthur\.m2\repository\org\glassfish\jaxb\txw2\2.3.6\txw2-2.3.6.jar;C:\Users\Arthur\.m2\repository\com\sun\istack\istack-commons-runtime\3.0.12\istack-commons-runtime-3.0.12.jar;C:\Users\Arthur\.m2\repository\com\sun\activation\jakarta.activation\1.2.2\jakarta.activation-1.2.2.jar;C:\Users\Arthur\.m2\repository\org\springframework\data\spring-data-jpa\2.7.2\spring-data-jpa-2.7.2.jar;C:\Users\Arthur\.m2\repository\org\springframework\data\spring-data-commons\2.7.2\spring-data-commons-2.7.2.jar;C:\Users\Arthur\.m2\repository\org\springframework\spring-orm\5.3.22\spring-orm-5.3.22.jar;C:\Users\Arthur\.m2\repository\org\springframework\spring-context\5.3.22\spring-context-5.3.22.jar;C:\Users\Arthur\.m2\repository\org\springframework\spring-tx\5.3.22\spring-tx-5.3.22.jar;C:\Users\Arthur\.m2\repository\org\springframework\spring-beans\5.3.22\spring-beans-5.3.22.jar;C:\Users\Arthur\.m2\repository\org\slf4j\slf4j-api\1.7.36\slf4j-api-1.7.36.jar;C:\Users\Arthur\.m2\repository\org\springframework\spring-aspects\5.3.22\spring-aspects-5.3.22.jar;C:\Users\Arthur\.m2\repository\mysql\mysql-connector-java\8.0.30\mysql-connector-java-8.0.30.jar;C:\Users\Arthur\.m2\repository\org\springframework\boot\spring-boot-starter\2.7.3\spring-boot-starter-2.7.3.jar;C:\Users\Arthur\.m2\repository\org\springframework\boot\spring-boot\2.7.3\spring-boot-2.7.3.jar;C:\Users\Arthur\.m2\repository\org\springframework\boot\spring-boot-autoconfigure\2.7.3\spring-boot-autoconfigure-2.7.3.jar;C:\Users\Arthur\.m2\repository\org\springframework\boot\spring-boot-starter-logging\2.7.3\spring-boot-starter-logging-2.7.3.jar;C:\Users\Arthur\.m2\repository\ch\qos\logback\logback-classic\1.2.11\logback-classic-1.2.11.jar;C:\Users\Arthur\.m2\repository\ch\qos\logback\logback-core\1.2.11\logback-core-1.2.11.jar;C:\Users\Arthur\.m2\repository\org\apache\logging\log4j\log4j-to-slf4j\2.17.2\log4j-to-slf4j-2.17.2.jar;C:\Users\Arthur\.m2\repository\org\apache\logging\log4j\log4j-api\2.17.2\log4j-api-2.17.2.jar;C:\Users\Arthur\.m2\repository\org\slf4j\jul-to-slf4j\1.7.36\jul-to-slf4j-1.7.36.jar;C:\Users\Arthur\.m2\repository\jakarta\annotation\jakarta.annotation-api\1.3.5\jakarta.annotation-api-1.3.5.jar;C:\Users\Arthur\.m2\repository\org\yaml\snakeyaml\1.30\snakeyaml-1.30.jar;C:\Users\Arthur\.m2\repository\jakarta\xml\bind\jakarta.xml.bind-api\2.3.3\jakarta.xml.bind-api-2.3.3.jar;C:\Users\Arthur\.m2\repository\jakarta\activation\jakarta.activation-api\1.2.2\jakarta.activation-api-1.2.2.jar;C:\Users\Arthur\.m2\repository\org\springframework\spring-core\5.3.22\spring-core-5.3.22.jar;C:\Users\Arthur\.m2\repository\org\springframework\spring-jcl\5.3.22\spring-jcl-5.3.22.jar;C:\Users\Arthur\.m2\repository\org\springframework\boot\spring-boot-starter-web\2.7.3\spring-boot-starter-web-2.7.3.jar;C:\Users\Arthur\.m2\repository\org\springframework\boot\spring-boot-starter-json\2.7.3\spring-boot-starter-json-2.7.3.jar;C:\Users\Arthur\.m2\repository\com\fasterxml\jackson\core\jackson-databind\2.13.3\jackson-databind-2.13.3.jar;C:\Users\Arthur\.m2\repository\com\fasterxml\jackson\core\jackson-annotations\2.13.3\jackson-annotations-2.13.3.jar;C:\Users\Arthur\.m2\repository\com\fasterxml\jackson\core\jackson-core\2.13.3\jackson-core-2.13.3.jar;C:\Users\Arthur\.m2\repository\com\fasterxml\jackson\datatype\jackson-datatype-jdk8\2.13.3\jackson-datatype-jdk8-2.13.3.jar;C:\Users\Arthur\.m2\repository\com\fasterxml\jackson\datatype\jackson-datatype-jsr310\2.13.3\jackson-datatype-jsr310-2.13.3.jar;C:\Users\Arthur\.m2\repository\com\fasterxml\jackson\module\jackson-module-parameter-names\2.13.3\jackson-module-parameter-names-2.13.3.jar;C:\Users\Arthur\.m2\repository\org\springframework\boot\spring-boot-starter-tomcat\2.7.3\spring-boot-starter-tomcat-2.7.3.jar;C:\Users\Arthur\.m2\repository\org\apache\tomcat\embed\tomcat-embed-core\9.0.65\tomcat-embed-core-9.0.65.jar;C:\Users\Arthur\.m2\repository\org\apache\tomcat\embed\tomcat-embed-el\9.0.65\tomcat-embed-el-9.0.65.jar;C:\Users\Arthur\.m2\repository\org\apache\tomcat\embed\tomcat-embed-websocket\9.0.65\tomcat-embed-websocket-9.0.65.jar;C:\Users\Arthur\.m2\repository\org\springframework\spring-web\5.3.22\spring-web-5.3.22.jar;C:\Users\Arthur\.m2\repository\org\springframework\spring-webmvc\5.3.22\spring-webmvc-5.3.22.jar;C:\Users\Arthur\.m2\repository\org\springframework\spring-expression\5.3.22\spring-expression-5.3.22.jar
Launcher Type: SUN_STANDARD

[Global flags]
     intx CICompilerCount                          = 12                                        {product} {ergonomic}
     uint ConcGCThreads                            = 3                                         {product} {ergonomic}
     uint G1ConcRefinementThreads                  = 13                                        {product} {ergonomic}
   size_t G1HeapRegionSize                         = 4194304                                   {product} {ergonomic}
    uintx GCDrainStackTargetSize                   = 64                                        {product} {ergonomic}
   size_t InitialHeapSize                          = 536870912                                 {product} {ergonomic}
   size_t MarkStackSize                            = 4194304                                   {product} {ergonomic}
   size_t MaxHeapSize                              = 8535408640                                {product} {ergonomic}
   size_t MaxNewSize                               = 5121245184                                {product} {ergonomic}
   size_t MinHeapDeltaBytes                        = 4194304                                   {product} {ergonomic}
   size_t MinHeapSize                              = 8388608                                   {product} {ergonomic}
    uintx NonNMethodCodeHeapSize                   = 7602480                                {pd product} {ergonomic}
    uintx NonProfiledCodeHeapSize                  = 122027880                              {pd product} {ergonomic}
    uintx ProfiledCodeHeapSize                     = 122027880                              {pd product} {ergonomic}
    uintx ReservedCodeCacheSize                    = 251658240                              {pd product} {ergonomic}
     bool SegmentedCodeCache                       = true                                      {product} {ergonomic}
   size_t SoftMaxHeapSize                          = 8535408640                             {manageable} {ergonomic}
     bool UseCompressedClassPointers               = true                           {product lp64_product} {ergonomic}
     bool UseCompressedOops                        = true                           {product lp64_product} {ergonomic}
     bool UseG1GC                                  = true                                      {product} {ergonomic}
     bool UseLargePagesIndividualAllocation        = false                                  {pd product} {ergonomic}

Logging:
Log output configuration:
 #0: stdout all=warning uptime,level,tags foldmultilines=false
 #1: stderr all=off uptime,level,tags foldmultilines=false

Environment Variables:
PATH=C:\WINDOWS\system32;C:\WINDOWS;C:\WINDOWS\System32\Wbem;C:\WINDOWS\System32\WindowsPowerShell\v1.0\;C:\WINDOWS\System32\OpenSSH\;C:\Program Files (x86)\NVIDIA Corporation\PhysX\Common;C:\Program Files\NVIDIA Corporation\NVIDIA NvDLISR;C:\Program Files\Git\cmd;C:\Users\Arthur\AppData\Local\Microsoft\WindowsApps;;D:\JetBrains\IntelliJ IDEA Community Edition 2022.2.1\bin;
USERNAME=Arthur
OS=Windows_NT
PROCESSOR_IDENTIFIER=Intel64 Family 6 Model 151 Stepping 2, GenuineIntel



---------------  S Y S T E M  ---------------

OS:
 Windows 10 , 64 bit Build 19041 (10.0.19041.1889)
OS uptime: 0 days 15:49 hours

CPU: total 16 (initial active 16) (8 cores per cpu, 2 threads per core) family 6 model 151 stepping 2 microcode 0x15, cx8, cmov, fxsr, ht, mmx, 3dnowpref, sse, sse2, sse3, ssse3, sse4.1, sse4.2, popcnt, lzcnt, tsc, tscinvbit, avx, avx2, aes, erms, clmul, bmi1, bmi2, adx, sha, fma, vzeroupper, clflush, clflushopt, clwb, serialize

Memory: 4k page, system-wide physical 32559M (18054M free)
TotalPageFile size 37679M (AvailPageFile size 18660M)
current process WorkingSet (physical memory assigned to process): 250M, peak: 252M
current process commit charge ("private bytes"): 306M, peak: 690M

vm_info: OpenJDK 64-Bit Server VM (18.0.2.1+1-1) for windows-amd64 JRE (18.0.2.1+1-1), built on Aug 16 2022 01:44:29 by "mach5one" with MS VC++ 16.8 / 16.9 (VS2019)

END.
